<?xml version="1.0" encoding="UTF-8"?>
<testsuite name="com.ubs.wcat.ms.rest.EmployeeResourceV1Test" tests="4" skipped="0" failures="0" errors="0" timestamp="2019-12-22T19:45:47" hostname="M5-L-HZ2CFW2" time="0.523">
  <properties/>
  <testcase name="testCustomerByIdNotFound()" classname="com.ubs.wcat.ms.rest.EmployeeResourceV1Test" time="0.321"/>
  <testcase name="testCustomerDeleteSuceess()" classname="com.ubs.wcat.ms.rest.EmployeeResourceV1Test" time="0.014"/>
  <testcase name="testCreateEmployee()" classname="com.ubs.wcat.ms.rest.EmployeeResourceV1Test" time="0.171"/>
  <testcase name="testEmployeeByIdFound()" classname="com.ubs.wcat.ms.rest.EmployeeResourceV1Test" time="0.012"/>
  <system-out><![CDATA[2019-12-23 01:15:44.312  INFO 35628 --- [    Test worker] .b.t.c.SpringBootTestContextBootstrapper : Neither @ContextConfiguration nor @ContextHierarchy found for test class [com.ubs.wcat.ms.rest.EmployeeResourceV1Test], using SpringBootContextLoader
2019-12-23 01:15:44.315  INFO 35628 --- [    Test worker] o.s.t.c.support.AbstractContextLoader    : Could not detect default resource locations for test class [com.ubs.wcat.ms.rest.EmployeeResourceV1Test]: no resource found for suffixes {-context.xml, Context.groovy}.
2019-12-23 01:15:44.316  INFO 35628 --- [    Test worker] t.c.s.AnnotationConfigContextLoaderUtils : Could not detect default configuration classes for test class [com.ubs.wcat.ms.rest.EmployeeResourceV1Test]: EmployeeResourceV1Test does not declare any static, non-private, non-final, nested classes annotated with @Configuration.
2019-12-23 01:15:44.381  INFO 35628 --- [    Test worker] .b.t.c.SpringBootTestContextBootstrapper : Found @SpringBootConfiguration com.ubs.wcat.ms.GradleIntellijMsApplication for test class com.ubs.wcat.ms.rest.EmployeeResourceV1Test
2019-12-23 01:15:44.389  INFO 35628 --- [    Test worker] .b.t.c.SpringBootTestContextBootstrapper : Loaded default TestExecutionListener class names from location [META-INF/spring.factories]: [org.springframework.boot.test.autoconfigure.restdocs.RestDocsTestExecutionListener, org.springframework.boot.test.autoconfigure.web.client.MockRestServiceServerResetTestExecutionListener, org.springframework.boot.test.autoconfigure.web.servlet.MockMvcPrintOnlyOnFailureTestExecutionListener, org.springframework.boot.test.autoconfigure.web.servlet.WebDriverTestExecutionListener, org.springframework.boot.test.mock.mockito.MockitoTestExecutionListener, org.springframework.boot.test.mock.mockito.ResetMocksTestExecutionListener, org.springframework.test.context.web.ServletTestExecutionListener, org.springframework.test.context.support.DirtiesContextBeforeModesTestExecutionListener, org.springframework.test.context.support.DependencyInjectionTestExecutionListener, org.springframework.test.context.support.DirtiesContextTestExecutionListener, org.springframework.test.context.transaction.TransactionalTestExecutionListener, org.springframework.test.context.jdbc.SqlScriptsTestExecutionListener, org.springframework.test.context.event.EventPublishingTestExecutionListener]
2019-12-23 01:15:44.391  INFO 35628 --- [    Test worker] .b.t.c.SpringBootTestContextBootstrapper : Using TestExecutionListeners: [org.springframework.test.context.web.ServletTestExecutionListener@5762da22, org.springframework.test.context.support.DirtiesContextBeforeModesTestExecutionListener@1ce31e86, org.springframework.boot.test.mock.mockito.MockitoTestExecutionListener@63c8b847, org.springframework.boot.test.autoconfigure.SpringBootDependencyInjectionTestExecutionListener@639715f0, org.springframework.test.context.support.DirtiesContextTestExecutionListener@22e5706a, org.springframework.test.context.transaction.TransactionalTestExecutionListener@26f64d9e, org.springframework.test.context.jdbc.SqlScriptsTestExecutionListener@5ac387, org.springframework.test.context.event.EventPublishingTestExecutionListener@5b397ee9, org.springframework.boot.test.autoconfigure.restdocs.RestDocsTestExecutionListener@525623c4, org.springframework.boot.test.autoconfigure.web.client.MockRestServiceServerResetTestExecutionListener@46581ead, org.springframework.boot.test.autoconfigure.web.servlet.MockMvcPrintOnlyOnFailureTestExecutionListener@1048ab1a, org.springframework.boot.test.autoconfigure.web.servlet.WebDriverTestExecutionListener@9651cc, org.springframework.boot.test.mock.mockito.ResetMocksTestExecutionListener@63bd1a19]

  .   ____          _            __ _ _
 /\\ / ___'_ __ _ _(_)_ __  __ _ \ \ \ \
( ( )\___ | '_ | '_| | '_ \/ _` | \ \ \ \
 \\/  ___)| |_)| | | | | || (_| |  ) ) ) )
  '  |____| .__|_| |_|_| |_\__, | / / / /
 =========|_|==============|___/=/_/_/_/
 :: Spring Boot ::        (v2.2.2.RELEASE)

2019-12-23 01:15:44.506  INFO 35628 --- [    Test worker] c.u.wcat.ms.rest.EmployeeResourceV1Test  : Starting EmployeeResourceV1Test on M5-L-HZ2CFW2 with PID 35628 (started by debashish.barik in C:\UBS\CW\demo\cw-demo\gradle-intellij-ms-application)
2019-12-23 01:15:44.507  INFO 35628 --- [    Test worker] c.u.wcat.ms.rest.EmployeeResourceV1Test  : No active profile set, falling back to default profiles: default
2019-12-23 01:15:45.407  INFO 35628 --- [    Test worker] .s.d.r.c.RepositoryConfigurationDelegate : Bootstrapping Spring Data JPA repositories in DEFAULT mode.
2019-12-23 01:15:45.449  INFO 35628 --- [    Test worker] .s.d.r.c.RepositoryConfigurationDelegate : Finished Spring Data repository scanning in 41ms. Found 1 JPA repository interfaces.
2019-12-23 01:15:45.758  INFO 35628 --- [    Test worker] trationDelegate$BeanPostProcessorChecker : Bean 'org.springframework.transaction.annotation.ProxyTransactionManagementConfiguration' of type [org.springframework.transaction.annotation.ProxyTransactionManagementConfiguration] is not eligible for getting processed by all BeanPostProcessors (for example: not eligible for auto-proxying)
2019-12-23 01:15:45.925  INFO 35628 --- [    Test worker] o.hibernate.jpa.internal.util.LogHelper  : HHH000204: Processing PersistenceUnitInfo [name: default]
2019-12-23 01:15:45.941  INFO 35628 --- [    Test worker] com.zaxxer.hikari.HikariDataSource       : HikariPool-2 - Starting...
2019-12-23 01:15:45.943  INFO 35628 --- [    Test worker] com.zaxxer.hikari.HikariDataSource       : HikariPool-2 - Start completed.
2019-12-23 01:15:45.944  INFO 35628 --- [    Test worker] org.hibernate.dialect.Dialect            : HHH000400: Using dialect: org.hibernate.dialect.H2Dialect
2019-12-23 01:15:46.022  INFO 35628 --- [    Test worker] o.h.e.t.j.p.i.JtaPlatformInitiator       : HHH000490: Using JtaPlatform implementation: [org.hibernate.engine.transaction.jta.platform.internal.NoJtaPlatform]
2019-12-23 01:15:46.022  INFO 35628 --- [    Test worker] j.LocalContainerEntityManagerFactoryBean : Initialized JPA EntityManagerFactory for persistence unit 'default'
2019-12-23 01:15:46.398  WARN 35628 --- [    Test worker] JpaBaseConfiguration$JpaWebConfiguration : spring.jpa.open-in-view is enabled by default. Therefore, database queries may be performed during view rendering. Explicitly configure spring.jpa.open-in-view to disable this warning
2019-12-23 01:15:46.684  INFO 35628 --- [    Test worker] o.s.s.concurrent.ThreadPoolTaskExecutor  : Initializing ExecutorService 'applicationTaskExecutor'
2019-12-23 01:15:47.397  INFO 35628 --- [    Test worker] o.s.b.t.m.w.SpringBootMockServletContext : Initializing Spring TestDispatcherServlet ''
2019-12-23 01:15:47.397  INFO 35628 --- [    Test worker] o.s.t.web.servlet.TestDispatcherServlet  : Initializing Servlet ''
2019-12-23 01:15:47.422  INFO 35628 --- [    Test worker] o.s.b.a.e.web.EndpointLinksResolver      : Exposing 2 endpoint(s) beneath base path '/actuator'
2019-12-23 01:15:47.480  INFO 35628 --- [    Test worker] o.s.t.web.servlet.TestDispatcherServlet  : Completed initialization in 83 ms
2019-12-23 01:15:47.516  INFO 35628 --- [    Test worker] c.u.wcat.ms.rest.EmployeeResourceV1Test  : Started EmployeeResourceV1Test in 3.117 seconds (JVM running for 15.233)
Hibernate: 
    call next value for hibernate_sequence
Hibernate: 
    insert 
    into
        employee
        (name, role, id) 
    values
        (?, ?, ?)
Hibernate: 
    call next value for hibernate_sequence
Hibernate: 
    insert 
    into
        employee
        (name, role, id) 
    values
        (?, ?, ?)
{"name":"Peter Parker","role":"Admin","id":1}
]]></system-out>
  <system-err><![CDATA[]]></system-err>
</testsuite>
